\BOOKMARK [0][-]{chapter.1}{\376\377\000V\000i\000e\000w\000s\000\040\000d\000o\000c\000u\000m\000e\000n\000t\000a\000t\000i\000o\000n}{}% 1
\BOOKMARK [1][-]{section.1.1}{\376\377\000G\000e\000s\000t\000i\000o\000n\000\040\000a\000p\000p\000\040\000v\000i\000e\000w\000s}{chapter.1}% 2
\BOOKMARK [1][-]{section.1.2}{\376\377\000U\000s\000e\000r\000s\000\040\000a\000p\000p\000\040\000v\000i\000e\000w\000s}{chapter.1}% 3
\BOOKMARK [1][-]{section.1.3}{\376\377\000P\000r\000e\000f\000e\000r\000e\000n\000c\000e\000s\000\040\000a\000p\000p\000\040\000v\000i\000e\000w\000s}{chapter.1}% 4
\BOOKMARK [1][-]{section.1.4}{\376\377\000c\000o\000o\000p\000e\000V\0003\000\040\000a\000p\000p\000\040\000v\000i\000e\000w\000s}{chapter.1}% 5
\BOOKMARK [0][-]{chapter.2}{\376\377\000M\000o\000d\000e\000l\000s\000\040\000d\000o\000c\000u\000m\000e\000n\000t\000a\000t\000i\000o\000n}{}% 6
\BOOKMARK [1][-]{section.2.1}{\376\377\000G\000e\000s\000t\000i\000o\000n\000\040\000a\000p\000p\000\040\000m\000o\000d\000e\000l\000s}{chapter.2}% 7
\BOOKMARK [1][-]{section.2.2}{\376\377\000U\000s\000e\000r\000s\000\040\000a\000p\000p\000\040\000m\000o\000d\000e\000l\000s}{chapter.2}% 8
\BOOKMARK [1][-]{section.2.3}{\376\377\000P\000r\000e\000f\000e\000r\000e\000n\000c\000e\000s\000\040\000a\000p\000p\000\040\000m\000o\000d\000e\000l\000s}{chapter.2}% 9
\BOOKMARK [0][-]{chapter.3}{\376\377\000A\000d\000m\000i\000n\000\040\000d\000o\000c\000u\000m\000e\000n\000t\000a\000t\000i\000o\000n}{}% 10
\BOOKMARK [1][-]{section.3.1}{\376\377\000G\000e\000s\000t\000i\000o\000n\000\040\000a\000p\000p\000\040\000a\000d\000m\000i\000n}{chapter.3}% 11
\BOOKMARK [1][-]{section.3.2}{\376\377\000U\000s\000e\000r\000s\000\040\000a\000p\000p\000\040\000a\000d\000m\000i\000n}{chapter.3}% 12
\BOOKMARK [1][-]{section.3.3}{\376\377\000P\000r\000e\000f\000e\000r\000e\000n\000c\000e\000s\000\040\000a\000p\000p\000\040\000a\000d\000m\000i\000n}{chapter.3}% 13
\BOOKMARK [0][-]{chapter.4}{\376\377\000F\000o\000r\000m\000s\000\040\000d\000o\000c\000u\000m\000e\000n\000t\000a\000t\000i\000o\000n}{}% 14
\BOOKMARK [1][-]{section.4.1}{\376\377\000G\000e\000s\000t\000i\000o\000n\000\040\000a\000p\000p\000\040\000f\000o\000r\000m\000s}{chapter.4}% 15
\BOOKMARK [1][-]{section.4.2}{\376\377\000U\000s\000e\000r\000s\000\040\000a\000p\000p\000\040\000f\000o\000r\000m\000s}{chapter.4}% 16
\BOOKMARK [1][-]{section.4.3}{\376\377\000P\000r\000e\000f\000e\000r\000e\000n\000c\000e\000s\000\040\000a\000p\000p\000\040\000f\000o\000r\000m\000s}{chapter.4}% 17
\BOOKMARK [0][-]{chapter.5}{\376\377\000U\000t\000i\000l\000s\000\040\000d\000o\000c\000u\000m\000e\000n\000t\000a\000t\000i\000o\000n}{}% 18
\BOOKMARK [1][-]{section.5.1}{\376\377\000A\000C\000L}{chapter.5}% 19
\BOOKMARK [1][-]{section.5.2}{\376\377\000C\000o\000o\000p\000e\000V\0003\000\040\000t\000e\000m\000p\000l\000a\000t\000e\000t\000a\000g\000s}{chapter.5}% 20
\BOOKMARK [1][-]{section.5.3}{\376\377\000U\000s\000e\000r\000s\000\040\000t\000e\000m\000p\000l\000a\000t\000e\000t\000a\000g\000s}{chapter.5}% 21
\BOOKMARK [0][-]{chapter.6}{\376\377\000D\000j\000a\000n\000g\000o\000\137\000t\000e\000x\000\040\000d\000o\000c\000u\000m\000e\000n\000t\000a\000t\000i\000o\000n}{}% 22
\BOOKMARK [1][-]{section.6.1}{\376\377\000C\000o\000r\000e}{chapter.6}% 23
\BOOKMARK [1][-]{section.6.2}{\376\377\000E\000n\000g\000i\000n\000e}{chapter.6}% 24
\BOOKMARK [1][-]{section.6.3}{\376\377\000E\000n\000v\000i\000r\000o\000n\000m\000e\000n\000t}{chapter.6}% 25
\BOOKMARK [1][-]{section.6.4}{\376\377\000E\000x\000c\000e\000p\000t\000i\000o\000n\000s}{chapter.6}% 26
\BOOKMARK [1][-]{section.6.5}{\376\377\000F\000i\000l\000t\000e\000r\000s}{chapter.6}% 27
\BOOKMARK [1][-]{section.6.6}{\376\377\000M\000o\000d\000e\000l\000s}{chapter.6}% 28
\BOOKMARK [1][-]{section.6.7}{\376\377\000V\000i\000e\000w\000s}{chapter.6}% 29
\BOOKMARK [0][-]{chapter.7}{\376\377\000I\000n\000d\000i\000c\000e\000s\000\040\000a\000n\000d\000\040\000t\000a\000b\000l\000e\000s}{}% 30
\BOOKMARK [0][-]{section*.1207}{\376\377\000P\000y\000t\000h\000o\000n\000\040\000M\000o\000d\000u\000l\000e\000\040\000I\000n\000d\000e\000x}{}% 31
\BOOKMARK [0][-]{section*.1208}{\376\377\000I\000n\000d\000e\000x}{}% 32
